Thu 20 Apr 2023 09:37:46 PM UTC: 
 tests:  1|8
total_score: 0/70
6d7ec07
Fri 21 Apr 2023 12:31:04 AM UTC: 
 treemap.c | 9 +++++++--
 1 file changed, 7 insertions(+), 2 deletions(-)
In file included from test.c:4:
treemap.c: In function ‘createTreeMap’:
treemap.c:42:10: error: array subscript ‘TreeMap[0]’ is partly outside array bounds of ‘unsigned char[8]’ [-Werror=array-bounds]
   42 |   newTree->root = NULL;
      |          ^~
treemap.c:41:34: note: referencing an object of size 8 allocated by ‘malloc’
   41 |   TreeMap *newTree = (TreeMap *) malloc(sizeof(TreeMap*));
      |                                  ^~~~~~~~~~~~~~~~~~~~~~~~
treemap.c:43:10: error: array subscript ‘TreeMap[0]’ is partly outside array bounds of ‘unsigned char[8]’ [-Werror=array-bounds]
   43 |   newTree->current = NULL;
      |          ^~
treemap.c:41:34: note: referencing an object of size 8 allocated by ‘malloc’
   41 |   TreeMap *newTree = (TreeMap *) malloc(sizeof(TreeMap*));
      |                                  ^~~~~~~~~~~~~~~~~~~~~~~~
treemap.c:45:10: error: array subscript ‘TreeMap[0]’ is partly outside array bounds of ‘unsigned char[8]’ [-Werror=array-bounds]
   45 |   newTree->lower_than = lower_than;
      |          ^~
treemap.c:41:34: note: referencing an object of size 8 allocated by ‘malloc’
   41 |   TreeMap *newTree = (TreeMap *) malloc(sizeof(TreeMap*));
      |                                  ^~~~~~~~~~~~~~~~~~~~~~~~
cc1: all warnings being treated as errors
Compilation failed
3773f0d
Fri 21 Apr 2023 12:32:45 AM UTC: 
 treemap.c | 2 +-
 1 file changed, 1 insertion(+), 1 deletion(-)
 tests:  4|7
total_score: 5/70
70296a8
Fri 21 Apr 2023 12:41:35 AM UTC: 
 treemap.c | 23 +++++++++++++++++++++++
 1 file changed, 23 insertions(+)
 tests:  11|6
total_score: 15/70
be24e97
Fri 21 Apr 2023 01:20:08 AM UTC: 
 treemap.c | 39 +++++++++++++++++++++++++++++++++++++++
 1 file changed, 39 insertions(+)
 tests:  11|6
total_score: 15/70
95d57da
Fri 21 Apr 2023 01:34:39 AM UTC: 
 treemap.c | 19 ++++++++++---------
 1 file changed, 10 insertions(+), 9 deletions(-)
test.c: In function ‘insertTreeMap’:
test.c:503:5: error: ‘main’ is normally a non-static function [-Werror=main]
  503 | int main( int argc, char *argv[] ) {
      |     ^~~~
test.c:606:1: error: expected declaration or statement at end of input
  606 | }
      | ^
At top level:
test.c:503:5: error: ‘main’ defined but not used [-Werror=unused-function]
  503 | int main( int argc, char *argv[] ) {
      |     ^~~~
cc1: all warnings being treated as errors
Compilation failed
1f91c20
Fri 21 Apr 2023 01:36:34 AM UTC: 
 treemap.c | 38 --------------------------------------
 1 file changed, 38 deletions(-)
 tests:  11|6
total_score: 15/70
44ecd99
Fri 21 Apr 2023 01:36:42 AM UTC: 
 treemap.c | 38 ++++++++++++++++++++++++++++++++++++++
 1 file changed, 38 insertions(+)
test.c: In function ‘insertTreeMap’:
test.c:503:5: error: ‘main’ is normally a non-static function [-Werror=main]
  503 | int main( int argc, char *argv[] ) {
      |     ^~~~
test.c:606:1: error: expected declaration or statement at end of input
  606 | }
      | ^
At top level:
test.c:503:5: error: ‘main’ defined but not used [-Werror=unused-function]
  503 | int main( int argc, char *argv[] ) {
      |     ^~~~
cc1: all warnings being treated as errors
Compilation failed
8fa629d
Fri 21 Apr 2023 01:45:48 AM UTC: 
 treemap.c | 2 +-
 1 file changed, 1 insertion(+), 1 deletion(-)
test.c: In function ‘insertTreeMap’:
test.c:503:5: error: ‘main’ is normally a non-static function [-Werror=main]
  503 | int main( int argc, char *argv[] ) {
      |     ^~~~
test.c:606:1: error: expected declaration or statement at end of input
  606 | }
      | ^
At top level:
test.c:503:5: error: ‘main’ defined but not used [-Werror=unused-function]
  503 | int main( int argc, char *argv[] ) {
      |     ^~~~
cc1: all warnings being treated as errors
Compilation failed
08f057f
Fri 21 Apr 2023 01:46:11 AM UTC: 
 treemap.c | 2 +-
 1 file changed, 1 insertion(+), 1 deletion(-)
test.c: In function ‘insertTreeMap’:
test.c:503:5: error: ‘main’ is normally a non-static function [-Werror=main]
  503 | int main( int argc, char *argv[] ) {
      |     ^~~~
test.c:606:1: error: expected declaration or statement at end of input
  606 | }
      | ^
At top level:
test.c:503:5: error: ‘main’ defined but not used [-Werror=unused-function]
  503 | int main( int argc, char *argv[] ) {
      |     ^~~~
cc1: all warnings being treated as errors
Compilation failed
68e7b4e
Fri 21 Apr 2023 01:47:52 AM UTC: 
 treemap.c | 10 +++++-----
 1 file changed, 5 insertions(+), 5 deletions(-)
test.c: In function ‘insertTreeMap’:
test.c:503:5: error: ‘main’ is normally a non-static function [-Werror=main]
  503 | int main( int argc, char *argv[] ) {
      |     ^~~~
test.c:606:1: error: expected declaration or statement at end of input
  606 | }
      | ^
At top level:
test.c:503:5: error: ‘main’ defined but not used [-Werror=unused-function]
  503 | int main( int argc, char *argv[] ) {
      |     ^~~~
cc1: all warnings being treated as errors
Compilation failed
07f32ff
Fri 21 Apr 2023 01:49:00 AM UTC: 
 treemap.c | 7 +++----
 1 file changed, 3 insertions(+), 4 deletions(-)
test.c: In function ‘insertTreeMap’:
test.c:503:5: error: ‘main’ is normally a non-static function [-Werror=main]
  503 | int main( int argc, char *argv[] ) {
      |     ^~~~
test.c:606:1: error: expected declaration or statement at end of input
  606 | }
      | ^
At top level:
test.c:503:5: error: ‘main’ defined but not used [-Werror=unused-function]
  503 | int main( int argc, char *argv[] ) {
      |     ^~~~
cc1: all warnings being treated as errors
Compilation failed
0834488
Fri 21 Apr 2023 01:49:51 AM UTC: 
 treemap.c | 2 +-
 1 file changed, 1 insertion(+), 1 deletion(-)
test.c: In function ‘insertTreeMap’:
test.c:503:5: error: ‘main’ is normally a non-static function [-Werror=main]
  503 | int main( int argc, char *argv[] ) {
      |     ^~~~
test.c:606:1: error: expected declaration or statement at end of input
  606 | }
      | ^
At top level:
test.c:503:5: error: ‘main’ defined but not used [-Werror=unused-function]
  503 | int main( int argc, char *argv[] ) {
      |     ^~~~
cc1: all warnings being treated as errors
Compilation failed
25ef3b9
Fri 21 Apr 2023 03:06:57 AM UTC: 
 treemap.c | 5 +++--
 1 file changed, 3 insertions(+), 2 deletions(-)
test.c: In function ‘insertTreeMap’:
test.c:503:5: error: ‘main’ is normally a non-static function [-Werror=main]
  503 | int main( int argc, char *argv[] ) {
      |     ^~~~
test.c:606:1: error: expected declaration or statement at end of input
  606 | }
      | ^
At top level:
test.c:503:5: error: ‘main’ defined but not used [-Werror=unused-function]
  503 | int main( int argc, char *argv[] ) {
      |     ^~~~
cc1: all warnings being treated as errors
Compilation failed
160fe75
Fri 21 Apr 2023 03:08:09 AM UTC: 
 treemap.c | 2 ++
 1 file changed, 2 insertions(+)
test.c: In function ‘insertTreeMap’:
test.c:503:5: error: ‘main’ is normally a non-static function [-Werror=main]
  503 | int main( int argc, char *argv[] ) {
      |     ^~~~
test.c:606:1: error: expected declaration or statement at end of input
  606 | }
      | ^
At top level:
test.c:503:5: error: ‘main’ defined but not used [-Werror=unused-function]
  503 | int main( int argc, char *argv[] ) {
      |     ^~~~
cc1: all warnings being treated as errors
Compilation failed
5123c1c
Fri 21 Apr 2023 03:12:10 AM UTC: 
 treemap.c | 55 +++++++++++++++++++++++++++++--------------------------
 1 file changed, 29 insertions(+), 26 deletions(-)
 tests:  13|5
total_score: 25/70
87cf899
Fri 21 Apr 2023 03:16:15 AM UTC: 
 treemap.c | 55 ++++++++++++++++++++++++++-----------------------------
 1 file changed, 26 insertions(+), 29 deletions(-)
test.c: In function ‘insertTreeMap’:
test.c:503:5: error: ‘main’ is normally a non-static function [-Werror=main]
  503 | int main( int argc, char *argv[] ) {
      |     ^~~~
test.c:606:1: error: expected declaration or statement at end of input
  606 | }
      | ^
At top level:
test.c:503:5: error: ‘main’ defined but not used [-Werror=unused-function]
  503 | int main( int argc, char *argv[] ) {
      |     ^~~~
cc1: all warnings being treated as errors
Compilation failed
5c7b2f5
Fri 21 Apr 2023 03:16:33 AM UTC: 
 treemap.c | 4 ++--
 1 file changed, 2 insertions(+), 2 deletions(-)
test.c: In function ‘insertTreeMap’:
test.c:503:5: error: ‘main’ is normally a non-static function [-Werror=main]
  503 | int main( int argc, char *argv[] ) {
      |     ^~~~
test.c:606:1: error: expected declaration or statement at end of input
  606 | }
      | ^
At top level:
test.c:503:5: error: ‘main’ defined but not used [-Werror=unused-function]
  503 | int main( int argc, char *argv[] ) {
      |     ^~~~
cc1: all warnings being treated as errors
Compilation failed
e1aa3a1
Fri 21 Apr 2023 03:17:30 AM UTC: 
 treemap.c | 4 ++--
 1 file changed, 2 insertions(+), 2 deletions(-)
test.c: In function ‘insertTreeMap’:
test.c:503:5: error: ‘main’ is normally a non-static function [-Werror=main]
  503 | int main( int argc, char *argv[] ) {
      |     ^~~~
test.c:606:1: error: expected declaration or statement at end of input
  606 | }
      | ^
At top level:
test.c:503:5: error: ‘main’ defined but not used [-Werror=unused-function]
  503 | int main( int argc, char *argv[] ) {
      |     ^~~~
cc1: all warnings being treated as errors
Compilation failed
3191d7a
Fri 21 Apr 2023 03:20:41 AM UTC: 
 treemap.c | 4 +++-
 1 file changed, 3 insertions(+), 1 deletion(-)
In file included from test.c:4:
treemap.c: In function ‘minimum’:
treemap.c:99:33: error: expected ‘;’ before ‘return’
   99 |     if(x->left == NULL) return x
      |                                 ^
      |                                 ;
  100 | 
  101 |     return minimum(x->left);
      |     ~~~~~~                       
test.c: In function ‘insertTreeMap’:
test.c:503:5: error: ‘main’ is normally a non-static function [-Werror=main]
  503 | int main( int argc, char *argv[] ) {
      |     ^~~~
test.c:606:1: error: expected declaration or statement at end of input
  606 | }
      | ^
At top level:
test.c:503:5: error: ‘main’ defined but not used [-Werror=unused-function]
  503 | int main( int argc, char *argv[] ) {
      |     ^~~~
cc1: all warnings being treated as errors
Compilation failed
db14344
Fri 21 Apr 2023 03:20:56 AM UTC: 
 treemap.c | 88 ++++++++++++++++++++++++++-------------------------------------
 1 file changed, 36 insertions(+), 52 deletions(-)
In file included from test.c:4:
treemap.c: In function ‘minimum’:
treemap.c:97:15: error: expected ‘;’ before ‘return’
   97 |       return x
      |               ^
      |               ;
   98 | 
   99 |           return minimum(x->left);
      |           ~~~~~~
test.c: In function ‘insertTreeMap’:
test.c:503:5: error: ‘main’ is normally a non-static function [-Werror=main]
  503 | int main( int argc, char *argv[] ) {
      |     ^~~~
test.c:606:1: error: expected declaration or statement at end of input
  606 | }
      | ^
At top level:
test.c:503:5: error: ‘main’ defined but not used [-Werror=unused-function]
  503 | int main( int argc, char *argv[] ) {
      |     ^~~~
cc1: all warnings being treated as errors
Compilation failed
26b2ccd
Fri 21 Apr 2023 03:21:44 AM UTC: 
 treemap.c | 2 +-
 1 file changed, 1 insertion(+), 1 deletion(-)
In file included from test.c:4:
treemap.c: In function ‘minimum’:
treemap.c:96:5: error: this ‘if’ clause does not guard... [-Werror=misleading-indentation]
   96 |     if (x->left == NULL)
      |     ^~
treemap.c:99:7: note: ...this statement, but the latter is misleadingly indented as if it were guarded by the ‘if’
   99 |       return minimum(x->left);
      |       ^~~~~~
test.c: In function ‘insertTreeMap’:
test.c:503:5: error: ‘main’ is normally a non-static function [-Werror=main]
  503 | int main( int argc, char *argv[] ) {
      |     ^~~~
test.c:606:1: error: expected declaration or statement at end of input
  606 | }
      | ^
At top level:
test.c:503:5: error: ‘main’ defined but not used [-Werror=unused-function]
  503 | int main( int argc, char *argv[] ) {
      |     ^~~~
cc1: all warnings being treated as errors
Compilation failed
c1bea24
Fri 21 Apr 2023 03:22:15 AM UTC: 
 treemap.c | 2 +-
 1 file changed, 1 insertion(+), 1 deletion(-)
test.c: In function ‘insertTreeMap’:
test.c:503:5: error: ‘main’ is normally a non-static function [-Werror=main]
  503 | int main( int argc, char *argv[] ) {
      |     ^~~~
test.c:606:1: error: expected declaration or statement at end of input
  606 | }
      | ^
At top level:
test.c:503:5: error: ‘main’ defined but not used [-Werror=unused-function]
  503 | int main( int argc, char *argv[] ) {
      |     ^~~~
cc1: all warnings being treated as errors
Compilation failed
cf1b2ac
Fri 21 Apr 2023 03:28:48 AM UTC: 
 treemap.c | 11 ++++-------
 1 file changed, 4 insertions(+), 7 deletions(-)
test.c: In function ‘insertTreeMap’:
test.c:503:5: error: ‘main’ is normally a non-static function [-Werror=main]
  503 | int main( int argc, char *argv[] ) {
      |     ^~~~
test.c:606:1: error: expected declaration or statement at end of input
  606 | }
      | ^
At top level:
test.c:503:5: error: ‘main’ defined but not used [-Werror=unused-function]
  503 | int main( int argc, char *argv[] ) {
      |     ^~~~
cc1: all warnings being treated as errors
Compilation failed
c40d021
Fri 21 Apr 2023 03:29:27 AM UTC: 
 treemap.c | 1 +
 1 file changed, 1 insertion(+)
 tests:  15|4
total_score: 25/70
8d0aff5
Fri 21 Apr 2023 03:35:13 AM UTC: 
 treemap.c | 6 +++++-
 1 file changed, 5 insertions(+), 1 deletion(-)
 tests:  15|4
total_score: 25/70
ddd0868
Fri 21 Apr 2023 07:20:26 PM UTC: 
 treemap.c | 67 +++++++++++++++++++++++++++++++++++++++++++++++++++++++++++++++
 1 file changed, 67 insertions(+)
 tests:  0|0
4e428ff
Fri 21 Apr 2023 07:22:39 PM UTC: 
 treemap.c | 5 +++++
 1 file changed, 5 insertions(+)
In file included from test.c:4:
treemap.c: In function ‘removeNode’:
treemap.c:103:27: error: ‘key’ undeclared (first use in this function); did you mean ‘key_t’?
  103 |   if (searchTreeMap(tree, key) !=
      |                           ^~~
      |                           key_t
treemap.c:103:27: note: each undeclared identifier is reported only once for each function it appears in
Compilation failed
986c26c
Fri 21 Apr 2023 07:22:54 PM UTC: 
 treemap.c | 2 +-
 1 file changed, 1 insertion(+), 1 deletion(-)
 tests:  15|4
total_score: 25/70
b3536e4
Fri 21 Apr 2023 07:23:04 PM UTC: 
 treemap.c | 6 +-----
 1 file changed, 1 insertion(+), 5 deletions(-)
 tests:  0|0
18f6613
Fri 21 Apr 2023 07:34:19 PM UTC: 
 treemap.c | 8 +++++++-
 1 file changed, 7 insertions(+), 1 deletion(-)
 tests:  0|0
3717a58
Sat 22 Apr 2023 01:04:14 AM UTC: 
 treemap.c | 80 ++++++++++++++++++++++++++++++++-------------------------------
 1 file changed, 41 insertions(+), 39 deletions(-)
 tests:  0|0
f4a86b3
Sat 22 Apr 2023 01:04:38 AM UTC: 
 treemap.c | 45 ++++++++++++++++++---------------------------
 1 file changed, 18 insertions(+), 27 deletions(-)
 tests:  0|0
7c1e3d0
Sat 22 Apr 2023 01:07:20 AM UTC: 
 treemap.c | 8 +++-----
 1 file changed, 3 insertions(+), 5 deletions(-)
 tests:  0|0
5841f14
Sat 22 Apr 2023 01:07:34 AM UTC: 
 treemap.c | 2 +-
 1 file changed, 1 insertion(+), 1 deletion(-)
 tests:  0|0
35efb59
Sat 22 Apr 2023 01:09:59 AM UTC: 
 treemap.c | 15 ++++++++-------
 1 file changed, 8 insertions(+), 7 deletions(-)
 tests:  18|3
total_score: 40/70
0bfba07
Sat 22 Apr 2023 01:10:59 AM UTC: 
 treemap.c | 6 ++++--
 1 file changed, 4 insertions(+), 2 deletions(-)
 tests:  18|3
total_score: 40/70
89ea969
Sat 22 Apr 2023 01:13:06 AM UTC: 
 treemap.c | 5 ++---
 1 file changed, 2 insertions(+), 3 deletions(-)
 tests:  20|2
total_score: 45/70
02005af
Sat 22 Apr 2023 01:23:30 AM UTC: 
 treemap.c | 28 +++++++++++++++++++++++++++-
 1 file changed, 27 insertions(+), 1 deletion(-)
 tests:  22|2
total_score: 50/70
e901354
Sat 22 Apr 2023 01:25:33 AM UTC: 
 treemap.c | 32 ++++++++++----------------------
 1 file changed, 10 insertions(+), 22 deletions(-)
 tests:  22|2
total_score: 50/70
3437c6b
Sat 22 Apr 2023 01:26:35 AM UTC: 
 treemap.c | 9 ++++++---
 1 file changed, 6 insertions(+), 3 deletions(-)
 tests:  22|2
total_score: 50/70
09b639e
Sat 22 Apr 2023 01:27:22 AM UTC: 
 treemap.c | 2 +-
 1 file changed, 1 insertion(+), 1 deletion(-)
 tests:  23|2
total_score: 50/70
4c85f2f
Sat 22 Apr 2023 01:29:54 AM UTC: 
 treemap.c | 3 +--
 1 file changed, 1 insertion(+), 2 deletions(-)
 tests:  23|2
total_score: 50/70
e47c6d1
Sat 22 Apr 2023 01:32:34 AM UTC: 
 treemap.c | 7 +++++--
 1 file changed, 5 insertions(+), 2 deletions(-)
 tests:  23|2
total_score: 50/70
1ce92b5
Sat 22 Apr 2023 01:33:45 AM UTC: 
 treemap.c | 4 +++-
 1 file changed, 3 insertions(+), 1 deletion(-)
 tests:  23|2
total_score: 50/70
7f76783
Sat 22 Apr 2023 01:35:16 AM UTC: 
 treemap.c | 1 +
 1 file changed, 1 insertion(+)
 tests:  25|1
total_score: 60/70
fea4a6f
Sat 22 Apr 2023 01:35:46 AM UTC: 
 treemap.c | 4 ----
 1 file changed, 4 deletions(-)
 tests:  25|1
total_score: 60/70
75c1985
Sat 22 Apr 2023 01:39:45 AM UTC: 
 treemap.c | 15 ++++++++++++++-
 1 file changed, 14 insertions(+), 1 deletion(-)
In file included from test.c:4:
treemap.c: In function ‘upperBound’:
treemap.c:199:1: error: control reaches end of non-void function [-Werror=return-type]
  199 | }
      | ^
cc1: all warnings being treated as errors
Compilation failed
5f0ab45
Sat 22 Apr 2023 01:47:43 AM UTC: 
 treemap.c | 9 +++++++--
 1 file changed, 7 insertions(+), 2 deletions(-)
In file included from test.c:4:
treemap.c: In function ‘upperBound’:
treemap.c:188:9: error: variable ‘par_actual’ set but not used [-Werror=unused-but-set-variable]
  188 |   Pair *par_actual = firstTreeMap(tree);
      |         ^~~~~~~~~~
treemap.c:204:1: error: control reaches end of non-void function [-Werror=return-type]
  204 | }
      | ^
cc1: all warnings being treated as errors
Compilation failed
960928b
Sat 22 Apr 2023 01:48:04 AM UTC: 
 treemap.c | 4 +---
 1 file changed, 1 insertion(+), 3 deletions(-)
In file included from test.c:4:
treemap.c: In function ‘upperBound’:
treemap.c:188:9: error: variable ‘par_actual’ set but not used [-Werror=unused-but-set-variable]
  188 |   Pair *par_actual = firstTreeMap(tree);
      |         ^~~~~~~~~~
cc1: all warnings being treated as errors
Compilation failed
1d49c2d
Sat 22 Apr 2023 01:48:30 AM UTC: 
 treemap.c | 2 +-
 1 file changed, 1 insertion(+), 1 deletion(-)
 tests:  0|0
36c89d9
Sat 22 Apr 2023 01:50:45 AM UTC: 
 treemap.c | 2 +-
 1 file changed, 1 insertion(+), 1 deletion(-)
In file included from test.c:4:
treemap.c: In function ‘upperBound’:
treemap.c:192:46: error: expected ‘)’ before ‘{’ token
  192 |     if(tree->lower_than(key, par_actual->key)
      |       ~                                      ^
      |                                              )
  193 |     {
      |     ~                                         
treemap.c:200:3: error: expected expression before ‘}’ token
  200 |   }
      |   ^
Compilation failed
a4c4f1e
Sat 22 Apr 2023 01:51:00 AM UTC: 
 treemap.c | 2 +-
 1 file changed, 1 insertion(+), 1 deletion(-)
 tests:  25|1
total_score: 60/70
3d93703
Sat 22 Apr 2023 01:51:18 AM UTC: 
 treemap.c | 2 +-
 1 file changed, 1 insertion(+), 1 deletion(-)
 tests:  25|1
total_score: 60/70
8fb5441
Sat 22 Apr 2023 01:51:59 AM UTC: 
 treemap.c | 2 +-
 1 file changed, 1 insertion(+), 1 deletion(-)
 tests:  0|0
4e79319
Sat 22 Apr 2023 02:07:55 AM UTC: 
 treemap.c | 19 ++++++++++++-------
 1 file changed, 12 insertions(+), 7 deletions(-)
In file included from test.c:4:
treemap.c: In function ‘upperBound’:
treemap.c:194:13: error: unused variable ‘aux_node’ [-Werror=unused-variable]
  194 |   TreeNode *aux_node = tree->current;
      |             ^~~~~~~~
cc1: all warnings being treated as errors
Compilation failed
cb22ee0
Sat 22 Apr 2023 02:17:41 AM UTC: 
 treemap.c | 13 ++++++++-----
 1 file changed, 8 insertions(+), 5 deletions(-)
 tests:  28|1
total_score: 65/70
5f97788
